2024-01-06 17:06:37,397 :INFO : Test_01_Login :*************** Test_001_Login *****************
2024-01-06 17:06:37,401 :INFO : Test_01_Login :****Started Home page title test ****
2024-01-06 17:06:37,401 :INFO : Test_01_Login :****Opening URL****
2024-01-06 17:06:40,760 :INFO : Test_01_Login :**** Home page title test passed ****
2024-01-06 17:06:42,612 :INFO : Test_01_Login :****Started Login Test****
2024-01-06 17:06:53,263 :INFO : Test_01_Login :****Login test passed ****
2024-01-07 10:11:17,122 :INFO : Test_01_Login :*************** Test_001_Login *****************
2024-01-07 10:11:17,122 :INFO : Test_01_Login :****Started Home page title test ****
2024-01-07 10:11:17,122 :INFO : Test_01_Login :****Opening URL****
2024-01-07 10:11:19,056 :INFO : Test_01_Login :**** Home page title test passed ****
2024-01-07 10:11:21,033 :INFO : Test_01_Login :****Started Login Test****
2024-01-07 10:11:24,643 :INFO : Test_01_Login :****Login test passed ****
2024-01-07 10:12:16,322 :INFO : Test_01_Login :*************** Test_001_Login *****************
2024-01-07 10:12:16,322 :INFO : Test_01_Login :****Started Home page title test ****
2024-01-07 10:12:16,322 :INFO : Test_01_Login :****Opening URL****
2024-01-07 10:12:19,168 :INFO : Test_01_Login :**** Home page title test passed ****
2024-01-07 10:12:27,045 :INFO : Test_01_Login :****Started Login Test****
2024-01-07 10:12:30,849 :INFO : Test_01_Login :****Login test passed ****
2024-01-07 10:17:44,356 :INFO : Test_01_Login :****Started Login Test****
2024-01-07 10:17:44,363 :INFO : Test_01_Login :*************** Test_001_Login *****************
2024-01-07 10:17:44,363 :INFO : Test_01_Login :****Started Home page title test ****
2024-01-07 10:17:44,363 :INFO : Test_01_Login :****Opening URL****
2024-01-07 10:17:46,421 :INFO : Test_01_Login :**** Home page title test passed ****
2024-01-07 10:17:49,879 :INFO : Test_01_Login :****Login test passed ****
2024-01-07 10:18:26,456 :INFO : Test_01_Login :*************** Test_001_Login *****************
2024-01-07 10:18:26,457 :INFO : Test_01_Login :****Started Home page title test ****
2024-01-07 10:18:26,457 :INFO : Test_01_Login :****Opening URL****
2024-01-07 10:18:26,524 :INFO : Test_01_Login :****Started Login Test****
2024-01-07 10:18:30,431 :INFO : Test_01_Login :**** Home page title test passed ****
2024-01-07 10:18:32,914 :INFO : Test_01_Login :****Login test passed ****
2024-01-07 10:33:36,990 :INFO : Test_01_Login :*************** Test_001_Login *****************
2024-01-07 10:33:36,990 :INFO : Test_01_Login :****Started Home page title test ****
2024-01-07 10:33:36,990 :INFO : Test_01_Login :****Opening URL****
2024-01-07 10:33:37,002 :INFO : Test_01_Login :****Started Login Test****
2024-01-07 10:33:40,066 :INFO : Test_01_Login :**** Home page title test passed ****
2024-01-07 10:33:43,591 :INFO : Test_01_Login :****Login test passed ****
2024-01-07 10:38:25,762 :INFO : Test_01_Login :*************** Test_001_Login *****************
2024-01-07 10:38:25,764 :INFO : Test_01_Login :****Started Home page title test ****
2024-01-07 10:38:25,764 :INFO : Test_01_Login :****Opening URL****
2024-01-07 10:38:25,769 :INFO : Test_01_Login :****Started Login Test****
2024-01-07 10:38:29,336 :INFO : Test_01_Login :**** Home page title test passed ****
2024-01-07 10:38:31,655 :INFO : Test_01_Login :****Login test passed ****
2024-01-07 10:47:16,173 :INFO : Test_01_Login :****Started Login Test****
2024-01-07 10:47:16,189 :INFO : Test_01_Login :*************** Test_001_Login *****************
2024-01-07 10:47:16,189 :INFO : Test_01_Login :****Started Home page title test ****
2024-01-07 10:47:16,189 :INFO : Test_01_Login :****Opening URL****
2024-01-07 10:47:18,925 :INFO : Test_01_Login :**** Home page title test passed ****
2024-01-07 10:47:22,050 :INFO : Test_01_Login :****Login test passed ****
2024-01-07 10:49:04,082 :INFO : Test_01_Login :****Started Login Test****
2024-01-07 10:49:04,228 :INFO : Test_01_Login :*************** Test_001_Login *****************
2024-01-07 10:49:04,228 :INFO : Test_01_Login :****Started Home page title test ****
2024-01-07 10:49:04,228 :INFO : Test_01_Login :****Opening URL****
2024-01-07 10:49:06,336 :INFO : Test_01_Login :**** Home page title test passed ****
2024-01-07 10:49:09,395 :INFO : Test_01_Login :****Login test passed ****
2024-01-07 16:23:29,188 :INFO : Test_02_DataDrivenTest_Login :*********Test_02_DataDrivenTest_Login*********
2024-01-07 16:23:29,189 :INFO : Test_02_DataDrivenTest_Login :****Started DDT Login Test****
2024-01-07 16:23:38,086 :INFO : Test_02_DataDrivenTest_Login :**** Test passed ****
2024-01-07 16:23:45,394 :INFO : Test_02_DataDrivenTest_Login :**** Test passed ****
2024-01-07 16:23:51,341 :INFO : Test_02_DataDrivenTest_Login :**** Test passed ****
2024-01-07 16:23:57,283 :INFO : Test_02_DataDrivenTest_Login :**** Test passed ****
2024-01-07 16:23:57,283 :INFO : Test_02_DataDrivenTest_Login :******* DDT Login test passed **********
2024-01-07 16:23:57,375 :INFO : Test_02_DataDrivenTest_Login :******* Login test completed **********
2024-01-07 18:13:40,868 :INFO : Test_03_AddCustomer :************* Test_03_AddCustomer **********
2024-01-07 18:13:47,276 :INFO : Test_03_AddCustomer :************* Login successful **********
2024-01-07 18:13:47,276 :INFO : Test_03_AddCustomer :******* Starting new Testcase to add **********
2024-01-07 18:15:38,222 :INFO : Test_03_AddCustomer :************* Test_03_AddCustomer **********
2024-01-07 18:15:42,975 :INFO : Test_03_AddCustomer :************* Login successful **********
2024-01-07 18:15:42,975 :INFO : Test_03_AddCustomer :******* Starting new Testcase to add **********
2024-01-07 18:21:10,890 :INFO : Test_03_AddCustomer :************* Test_03_AddCustomer **********
2024-01-07 18:21:19,128 :INFO : Test_03_AddCustomer :************* Login successful **********
2024-01-07 18:21:19,128 :INFO : Test_03_AddCustomer :******* Starting new Testcase to add **********
2024-01-07 18:22:14,813 :INFO : Test_03_AddCustomer :************* Test_03_AddCustomer **********
2024-01-07 18:22:25,529 :INFO : Test_03_AddCustomer :************* Login successful **********
2024-01-07 18:22:25,529 :INFO : Test_03_AddCustomer :******* Starting new Testcase to add **********
2024-01-07 18:25:00,595 :INFO : Test_03_AddCustomer :************* Test_03_AddCustomer **********
2024-01-07 18:25:14,284 :INFO : Test_03_AddCustomer :************* Login successful **********
2024-01-07 18:25:14,285 :INFO : Test_03_AddCustomer :******* Starting new Testcase to add **********
2024-01-07 18:43:12,272 :INFO : Test_03_AddCustomer :************* Test_03_AddCustomer **********
2024-01-07 18:43:18,726 :INFO : Test_03_AddCustomer :************* Login successful **********
2024-01-07 18:43:18,727 :INFO : Test_03_AddCustomer :******* Starting new Testcase to add **********
2024-01-07 18:45:45,637 :INFO : Test_03_AddCustomer :************* Test_03_AddCustomer **********
2024-01-07 18:45:51,960 :INFO : Test_03_AddCustomer :************* Login successful **********
2024-01-07 18:45:51,960 :INFO : Test_03_AddCustomer :******* Starting new Testcase to add **********
2024-01-07 18:45:55,992 :INFO : Test_03_AddCustomer :************* Providing customer details **********
2024-01-07 18:46:07,783 :INFO : Test_03_AddCustomer :************* Saving customer info **********
2024-01-07 18:46:07,783 :INFO : Test_03_AddCustomer :********* Add customer validation started *****************
2024-01-07 18:46:08,892 :ERROR : Test_03_AddCustomer :********* Adding customer failed, Test Failed ************
2024-01-07 18:47:23,848 :INFO : Test_03_AddCustomer :************* Test_03_AddCustomer **********
2024-01-07 18:47:29,120 :INFO : Test_03_AddCustomer :************* Login successful **********
2024-01-07 18:47:29,121 :INFO : Test_03_AddCustomer :******* Starting new Testcase to add **********
2024-01-07 18:47:33,043 :INFO : Test_03_AddCustomer :************* Providing customer details **********
2024-01-07 18:47:45,986 :INFO : Test_03_AddCustomer :************* Saving customer info **********
2024-01-07 18:47:45,986 :INFO : Test_03_AddCustomer :********* Add customer validation started *****************
2024-01-07 18:47:46,743 :INFO : Test_03_AddCustomer :********* Customer added, Test Passed *********
2024-01-07 18:47:46,847 :INFO : Test_03_AddCustomer :******* Ending,Thank you Universe **********
2024-01-07 18:49:20,059 :INFO : Test_03_AddCustomer :************* Test_03_AddCustomer **********
2024-01-07 18:49:25,299 :INFO : Test_03_AddCustomer :************* Login successful **********
2024-01-07 18:49:25,299 :INFO : Test_03_AddCustomer :******* Starting new Testcase to add **********
2024-01-07 18:50:07,185 :INFO : Test_03_AddCustomer :************* Test_03_AddCustomer **********
2024-01-07 18:50:13,130 :INFO : Test_03_AddCustomer :************* Login successful **********
2024-01-07 18:50:13,130 :INFO : Test_03_AddCustomer :******* Starting new Testcase to add **********
2024-01-07 18:50:16,897 :INFO : Test_03_AddCustomer :************* Providing customer details **********
2024-01-07 18:50:29,084 :INFO : Test_03_AddCustomer :************* Saving customer info **********
2024-01-07 18:50:29,084 :INFO : Test_03_AddCustomer :********* Add customer validation started *****************
2024-01-07 18:50:30,259 :INFO : Test_03_AddCustomer :********* Customer added, Test Passed *********
2024-01-07 18:50:30,355 :INFO : Test_03_AddCustomer :******* Ending,Thank you Universe **********
2024-01-07 18:52:46,188 :INFO : Test_03_AddCustomer :************* Test_03_AddCustomer **********
2024-01-07 18:52:50,969 :INFO : Test_03_AddCustomer :************* Login successful **********
2024-01-07 18:52:50,970 :INFO : Test_03_AddCustomer :******* Starting new Testcase to add **********
2024-01-07 18:52:55,358 :INFO : Test_03_AddCustomer :************* Providing customer details **********
2024-01-07 18:53:07,989 :INFO : Test_03_AddCustomer :************* Saving customer info **********
2024-01-07 18:53:07,989 :INFO : Test_03_AddCustomer :********* Add customer validation started *****************
2024-01-07 18:53:08,785 :INFO : Test_03_AddCustomer :********* Customer added, Test Passed *********
2024-01-07 18:53:08,905 :INFO : Test_03_AddCustomer :******* Ending,Thank you Universe **********
2024-01-07 18:53:51,672 :INFO : Test_03_AddCustomer :************* Test_03_AddCustomer **********
2024-01-07 18:53:58,044 :INFO : Test_03_AddCustomer :************* Login successful **********
2024-01-07 18:53:58,045 :INFO : Test_03_AddCustomer :******* Starting new Testcase to add **********
2024-01-07 18:54:02,015 :INFO : Test_03_AddCustomer :************* Providing customer details **********
2024-01-07 18:54:14,386 :INFO : Test_03_AddCustomer :************* Saving customer info **********
2024-01-07 18:54:14,386 :INFO : Test_03_AddCustomer :********* Add customer validation started *****************
2024-01-07 18:54:15,137 :INFO : Test_03_AddCustomer :********* Customer added, Test Passed *********
2024-01-07 18:54:15,257 :INFO : Test_03_AddCustomer :******* Ending,Thank you Universe **********
2024-01-07 19:18:42,583 :INFO : Test_04_SearchCustomerByEmail :************* Test 04 SearchCustomerByEmail **********
2024-01-07 19:18:51,458 :INFO : Test_04_SearchCustomerByEmail :************* Login successful **********
2024-01-07 19:18:51,458 :INFO : Test_04_SearchCustomerByEmail :******* Starting Search Customer By Email **********
2024-01-07 19:18:56,353 :INFO : Test_04_SearchCustomerByEmail :************* searching customer by emailID **********
2024-01-07 19:21:11,702 :INFO : Test_04_SearchCustomerByEmail :************* Test 04 SearchCustomerByEmail **********
2024-01-07 19:21:17,181 :INFO : Test_04_SearchCustomerByEmail :************* Login successful **********
2024-01-07 19:21:17,181 :INFO : Test_04_SearchCustomerByEmail :******* Starting Search Customer By Email **********
2024-01-07 19:21:20,920 :INFO : Test_04_SearchCustomerByEmail :************* searching customer by emailID **********
2024-01-07 19:21:28,358 :INFO : Test_04_SearchCustomerByEmail :***************  TC_04_SearchCustomerByEmail Finished  *********** 
2024-01-07 19:25:19,904 :INFO : Test_05_SearchCustomerByName :************* test_05_SearchCustomerByName **********
2024-01-07 19:25:26,984 :INFO : Test_05_SearchCustomerByName :************* Login successful **********
2024-01-07 19:25:26,984 :INFO : Test_05_SearchCustomerByName :******* Starting Search Customer By Name **********
2024-01-07 19:25:32,519 :INFO : Test_05_SearchCustomerByName :************* searching customer by Name **********
2024-01-07 19:25:39,027 :INFO : Test_05_SearchCustomerByName :***************  TC_05_SearchCustomerByName Finished!!!!!Hurray *********** 
2024-01-07 19:27:32,503 :INFO : Test_05_SearchCustomerByName :************* test_05_SearchCustomerByName **********
2024-01-07 19:27:39,696 :INFO : Test_05_SearchCustomerByName :************* Login successful **********
2024-01-07 19:27:39,696 :INFO : Test_05_SearchCustomerByName :******* Starting Search Customer By Name **********
2024-01-07 19:27:45,810 :INFO : Test_05_SearchCustomerByName :************* searching customer by Name **********
2024-01-07 19:27:52,192 :INFO : Test_05_SearchCustomerByName :***************  TC_05_SearchCustomerByName Finished!!!!!Hurray *********** 
2024-01-07 19:29:46,350 :INFO : Test_03_AddCustomer :************* Test_03_AddCustomer **********
2024-01-07 19:29:52,333 :INFO : Test_03_AddCustomer :************* Login successful **********
2024-01-07 19:29:52,333 :INFO : Test_03_AddCustomer :******* Starting new Testcase to add **********
2024-01-07 19:29:57,569 :INFO : Test_01_Login :*************** Test_001_Login *****************
2024-01-07 19:29:57,569 :INFO : Test_01_Login :****Started Home page title test ****
2024-01-07 19:29:57,574 :INFO : Test_01_Login :****Opening URL****
2024-01-07 19:30:00,356 :INFO : Test_01_Login :**** Home page title test passed ****
2024-01-07 19:30:02,994 :INFO : Test_01_Login :****Started Login Test****
2024-01-07 19:30:09,647 :INFO : Test_01_Login :****Login test passed ****
2024-01-07 19:30:12,460 :INFO : Test_02_DataDrivenTest_Login :*********Test_02_DataDrivenTest_Login*********
2024-01-07 19:30:12,460 :INFO : Test_02_DataDrivenTest_Login :****Started DDT Login Test****
2024-01-07 19:30:21,867 :INFO : Test_02_DataDrivenTest_Login :**** Test passed ****
2024-01-07 19:30:30,232 :INFO : Test_02_DataDrivenTest_Login :**** Test passed ****
2024-01-07 19:30:36,618 :INFO : Test_02_DataDrivenTest_Login :**** Test passed ****
2024-01-07 19:30:43,479 :INFO : Test_02_DataDrivenTest_Login :**** Test passed ****
2024-01-07 19:30:43,481 :INFO : Test_02_DataDrivenTest_Login :******* DDT Login test passed **********
2024-01-07 19:30:43,698 :INFO : Test_02_DataDrivenTest_Login :******* Login test completed **********
2024-01-07 19:30:46,241 :INFO : Test_04_SearchCustomerByEmail :************* Test 04 SearchCustomerByEmail **********
2024-01-07 19:30:50,637 :INFO : Test_04_SearchCustomerByEmail :************* Login successful **********
2024-01-07 19:30:50,637 :INFO : Test_04_SearchCustomerByEmail :******* Starting Search Customer By Email **********
2024-01-07 19:30:53,281 :INFO : Test_04_SearchCustomerByEmail :************* searching customer by emailID **********
2024-01-07 19:31:00,439 :INFO : Test_04_SearchCustomerByEmail :***************  TC_04_SearchCustomerByEmail Finished!!!!Hurray *********** 
2024-01-07 19:31:03,206 :INFO : Test_05_SearchCustomerByName :************* test_05_SearchCustomerByName **********
2024-01-07 19:31:08,023 :INFO : Test_05_SearchCustomerByName :************* Login successful **********
2024-01-07 19:31:08,024 :INFO : Test_05_SearchCustomerByName :******* Starting Search Customer By Name **********
2024-01-07 19:31:13,607 :INFO : Test_05_SearchCustomerByName :************* searching customer by Name **********
2024-01-07 19:31:20,048 :INFO : Test_05_SearchCustomerByName :***************  TC_05_SearchCustomerByName Finished!!!!!Hurray *********** 
2024-01-07 19:47:20,419 :INFO : Test_03_AddCustomer :************* Test_03_AddCustomer **********
2024-01-07 19:47:25,921 :INFO : Test_03_AddCustomer :************* Login successful **********
2024-01-07 19:47:25,922 :INFO : Test_03_AddCustomer :******* Starting new Testcase to add **********
2024-01-07 19:48:11,438 :INFO : Test_03_AddCustomer :************* Test_03_AddCustomer **********
2024-01-07 19:48:16,253 :INFO : Test_03_AddCustomer :************* Login successful **********
2024-01-07 19:48:16,253 :INFO : Test_03_AddCustomer :******* Starting new Testcase to add **********
2024-01-07 19:48:28,614 :INFO : Test_03_AddCustomer :************* Providing customer details **********
2024-01-07 19:48:40,019 :INFO : Test_03_AddCustomer :************* Saving customer info **********
2024-01-07 19:48:40,019 :INFO : Test_03_AddCustomer :********* Add customer validation started *****************
2024-01-07 19:48:40,565 :INFO : Test_03_AddCustomer :********* Customer added, Test Passed *********
2024-01-07 19:48:40,662 :INFO : Test_03_AddCustomer :******* Ending,Thank you Universe **********
2024-01-07 19:48:52,706 :INFO : Test_03_AddCustomer :************* Test_03_AddCustomer **********
2024-01-07 19:48:56,812 :INFO : Test_03_AddCustomer :************* Login successful **********
2024-01-07 19:48:56,813 :INFO : Test_03_AddCustomer :******* Starting new Testcase to add **********
2024-01-07 19:49:09,820 :INFO : Test_03_AddCustomer :************* Providing customer details **********
2024-01-07 19:49:20,941 :INFO : Test_03_AddCustomer :************* Saving customer info **********
2024-01-07 19:49:20,941 :INFO : Test_03_AddCustomer :********* Add customer validation started *****************
2024-01-07 19:49:21,547 :INFO : Test_03_AddCustomer :********* Customer added, Test Passed *********
2024-01-07 19:49:21,638 :INFO : Test_03_AddCustomer :******* Ending,Thank you Universe **********
2024-01-07 19:49:23,128 :INFO : Test_01_Login :*************** Test_001_Login *****************
2024-01-07 19:49:23,128 :INFO : Test_01_Login :****Started Home page title test ****
2024-01-07 19:49:23,128 :INFO : Test_01_Login :****Opening URL****
2024-01-07 19:49:26,441 :INFO : Test_01_Login :**** Home page title test passed ****
2024-01-07 19:49:27,977 :INFO : Test_01_Login :****Started Login Test****
2024-01-07 19:49:34,092 :INFO : Test_01_Login :****Login test passed ****
2024-01-07 19:49:35,599 :INFO : Test_02_DataDrivenTest_Login :*********Test_02_DataDrivenTest_Login*********
2024-01-07 19:49:35,599 :INFO : Test_02_DataDrivenTest_Login :****Started DDT Login Test****
2024-01-07 19:49:44,654 :INFO : Test_02_DataDrivenTest_Login :**** Test passed ****
2024-01-07 19:49:51,423 :INFO : Test_02_DataDrivenTest_Login :**** Test passed ****
2024-01-07 19:49:57,219 :INFO : Test_02_DataDrivenTest_Login :**** Test passed ****
2024-01-07 19:50:02,908 :INFO : Test_02_DataDrivenTest_Login :**** Test passed ****
2024-01-07 19:50:02,909 :INFO : Test_02_DataDrivenTest_Login :******* DDT Login test passed **********
2024-01-07 19:50:02,982 :INFO : Test_02_DataDrivenTest_Login :******* Login test completed **********
2024-01-07 19:50:04,451 :INFO : Test_04_SearchCustomerByEmail :************* Test 04 SearchCustomerByEmail **********
2024-01-07 19:50:08,085 :INFO : Test_04_SearchCustomerByEmail :************* Login successful **********
2024-01-07 19:50:08,085 :INFO : Test_04_SearchCustomerByEmail :******* Starting Search Customer By Email **********
2024-01-07 19:50:10,499 :INFO : Test_04_SearchCustomerByEmail :************* searching customer by emailID **********
2024-01-07 19:50:16,337 :INFO : Test_04_SearchCustomerByEmail :***************  TC_04_SearchCustomerByEmail Finished!!!!Hurray *********** 
2024-01-07 19:50:17,793 :INFO : Test_05_SearchCustomerByName :************* test_05_SearchCustomerByName **********
2024-01-07 19:50:22,937 :INFO : Test_05_SearchCustomerByName :************* Login successful **********
2024-01-07 19:50:22,938 :INFO : Test_05_SearchCustomerByName :******* Starting Search Customer By Name **********
2024-01-07 19:51:27,268 :INFO : Test_05_SearchCustomerByName :************* test_05_SearchCustomerByName **********
2024-01-07 19:51:32,931 :INFO : Test_05_SearchCustomerByName :************* Login successful **********
2024-01-07 19:51:32,931 :INFO : Test_05_SearchCustomerByName :******* Starting Search Customer By Name **********
2024-01-07 19:51:39,332 :INFO : Test_05_SearchCustomerByName :************* searching customer by Name **********
2024-01-07 19:51:44,772 :INFO : Test_05_SearchCustomerByName :***************  TC_05_SearchCustomerByName Finished!!!!!Hurray *********** 
2024-01-07 19:52:12,699 :INFO : Test_03_AddCustomer :************* Test_03_AddCustomer **********
2024-01-07 19:52:17,520 :INFO : Test_03_AddCustomer :************* Login successful **********
2024-01-07 19:52:17,520 :INFO : Test_03_AddCustomer :******* Starting new Testcase to add **********
2024-01-07 19:52:30,434 :INFO : Test_03_AddCustomer :************* Providing customer details **********
2024-01-07 19:52:41,790 :INFO : Test_03_AddCustomer :************* Saving customer info **********
2024-01-07 19:52:41,790 :INFO : Test_03_AddCustomer :********* Add customer validation started *****************
2024-01-07 19:52:42,453 :INFO : Test_03_AddCustomer :********* Customer added, Test Passed *********
2024-01-07 19:52:42,535 :INFO : Test_03_AddCustomer :******* Ending,Thank you Universe **********
2024-01-07 19:52:44,005 :INFO : Test_01_Login :*************** Test_001_Login *****************
2024-01-07 19:52:44,006 :INFO : Test_01_Login :****Started Home page title test ****
2024-01-07 19:52:44,006 :INFO : Test_01_Login :****Opening URL****
2024-01-07 19:52:47,572 :INFO : Test_01_Login :**** Home page title test passed ****
2024-01-07 19:52:49,132 :INFO : Test_01_Login :****Started Login Test****
2024-01-07 19:52:54,747 :INFO : Test_01_Login :****Login test passed ****
2024-01-07 19:52:56,317 :INFO : Test_02_DataDrivenTest_Login :*********Test_02_DataDrivenTest_Login*********
2024-01-07 19:52:56,317 :INFO : Test_02_DataDrivenTest_Login :****Started DDT Login Test****
2024-01-07 19:53:04,017 :INFO : Test_02_DataDrivenTest_Login :**** Test passed ****
2024-01-07 19:53:11,083 :INFO : Test_02_DataDrivenTest_Login :**** Test passed ****
2024-01-07 19:53:16,758 :INFO : Test_02_DataDrivenTest_Login :**** Test passed ****
2024-01-07 19:53:22,425 :INFO : Test_02_DataDrivenTest_Login :**** Test passed ****
2024-01-07 19:53:22,427 :INFO : Test_02_DataDrivenTest_Login :******* DDT Login test passed **********
2024-01-07 19:53:22,506 :INFO : Test_02_DataDrivenTest_Login :******* Login test completed **********
2024-01-07 19:53:23,953 :INFO : Test_04_SearchCustomerByEmail :************* Test 04 SearchCustomerByEmail **********
2024-01-07 19:53:28,456 :INFO : Test_04_SearchCustomerByEmail :************* Login successful **********
2024-01-07 19:53:28,456 :INFO : Test_04_SearchCustomerByEmail :******* Starting Search Customer By Email **********
2024-01-07 19:53:30,489 :INFO : Test_04_SearchCustomerByEmail :************* searching customer by emailID **********
2024-01-07 19:53:36,251 :INFO : Test_04_SearchCustomerByEmail :***************  TC_04_SearchCustomerByEmail Finished!!!!Hurray *********** 
2024-01-07 19:53:37,708 :INFO : Test_05_SearchCustomerByName :************* test_05_SearchCustomerByName **********
2024-01-07 19:53:42,415 :INFO : Test_05_SearchCustomerByName :************* Login successful **********
2024-01-07 19:53:42,415 :INFO : Test_05_SearchCustomerByName :******* Starting Search Customer By Name **********
2024-01-07 19:53:48,545 :INFO : Test_05_SearchCustomerByName :************* searching customer by Name **********
2024-01-07 19:53:54,010 :INFO : Test_05_SearchCustomerByName :***************  TC_05_SearchCustomerByName Finished!!!!!Hurray *********** 
2024-01-07 20:02:20,953 :INFO : Test_03_AddCustomer :************* Test_03_AddCustomer **********
2024-01-07 20:02:26,782 :INFO : Test_03_AddCustomer :************* Login successful **********
2024-01-07 20:02:26,782 :INFO : Test_03_AddCustomer :******* Starting new Testcase to add **********
2024-01-07 20:02:38,419 :INFO : Test_01_Login :****Started Login Test****
2024-01-07 20:03:16,919 :INFO : Test_01_Login :****Login test passed ****
2024-01-07 20:03:58,905 :INFO : Test_03_AddCustomer :************* Test_03_AddCustomer **********
2024-01-07 20:04:06,128 :INFO : Test_03_AddCustomer :************* Login successful **********
2024-01-07 20:04:06,128 :INFO : Test_03_AddCustomer :******* Starting new Testcase to add **********
2024-01-07 20:04:09,825 :INFO : Test_03_AddCustomer :************* Providing customer details **********
2024-01-07 20:04:24,849 :INFO : Test_03_AddCustomer :************* Saving customer info **********
2024-01-07 20:04:24,849 :INFO : Test_03_AddCustomer :********* Add customer validation started *****************
2024-01-07 20:04:25,557 :INFO : Test_03_AddCustomer :********* Customer added, Test Passed *********
2024-01-07 20:04:25,641 :INFO : Test_03_AddCustomer :******* Ending,Thank you Universe **********
2024-01-07 20:04:27,102 :INFO : Test_01_Login :****Started Login Test****
2024-01-07 20:04:33,110 :INFO : Test_01_Login :****Login test passed ****
2024-01-07 20:04:49,841 :INFO : Test_03_AddCustomer :************* Test_03_AddCustomer **********
2024-01-07 20:04:54,598 :INFO : Test_03_AddCustomer :************* Login successful **********
2024-01-07 20:04:54,599 :INFO : Test_03_AddCustomer :******* Starting new Testcase to add **********
2024-01-07 20:04:58,208 :INFO : Test_03_AddCustomer :************* Providing customer details **********
2024-01-07 20:05:09,534 :INFO : Test_03_AddCustomer :************* Saving customer info **********
2024-01-07 20:05:09,534 :INFO : Test_03_AddCustomer :********* Add customer validation started *****************
2024-01-07 20:05:10,121 :INFO : Test_03_AddCustomer :********* Customer added, Test Passed *********
2024-01-07 20:05:10,197 :INFO : Test_03_AddCustomer :******* Ending,Thank you Universe **********
2024-01-07 20:05:11,652 :INFO : Test_01_Login :*************** Test_001_Login *****************
2024-01-07 20:05:11,653 :INFO : Test_01_Login :****Started Home page title test ****
2024-01-07 20:05:11,653 :INFO : Test_01_Login :****Opening URL****
2024-01-07 20:05:14,767 :INFO : Test_01_Login :**** Home page title test passed ****
2024-01-07 20:05:16,323 :INFO : Test_01_Login :****Started Login Test****
2024-01-07 20:05:20,897 :INFO : Test_01_Login :****Login test passed ****
2024-01-07 20:05:22,434 :INFO : Test_02_DataDrivenTest_Login :*********Test_02_DataDrivenTest_Login*********
2024-01-07 20:05:22,434 :INFO : Test_02_DataDrivenTest_Login :****Started DDT Login Test****
2024-01-07 20:05:30,660 :INFO : Test_02_DataDrivenTest_Login :**** Test passed ****
2024-01-07 20:05:37,901 :INFO : Test_02_DataDrivenTest_Login :**** Test passed ****
2024-01-07 20:05:43,576 :INFO : Test_02_DataDrivenTest_Login :**** Test passed ****
2024-01-07 20:05:49,220 :INFO : Test_02_DataDrivenTest_Login :**** Test passed ****
2024-01-07 20:05:49,220 :INFO : Test_02_DataDrivenTest_Login :******* DDT Login test passed **********
2024-01-07 20:05:49,299 :INFO : Test_02_DataDrivenTest_Login :******* Login test completed **********
2024-01-07 20:05:50,751 :INFO : Test_04_SearchCustomerByEmail :************* Test 04 SearchCustomerByEmail **********
2024-01-07 20:05:55,500 :INFO : Test_04_SearchCustomerByEmail :************* Login successful **********
2024-01-07 20:05:55,501 :INFO : Test_04_SearchCustomerByEmail :******* Starting Search Customer By Email **********
2024-01-07 20:05:58,128 :INFO : Test_04_SearchCustomerByEmail :************* searching customer by emailID **********
2024-01-07 20:06:03,953 :INFO : Test_04_SearchCustomerByEmail :***************  TC_04_SearchCustomerByEmail Finished!!!!Hurray *********** 
2024-01-07 20:06:05,406 :INFO : Test_05_SearchCustomerByName :************* test_05_SearchCustomerByName **********
2024-01-07 20:06:09,537 :INFO : Test_05_SearchCustomerByName :************* Login successful **********
2024-01-07 20:06:09,537 :INFO : Test_05_SearchCustomerByName :******* Starting Search Customer By Name **********
2024-01-07 20:06:15,806 :INFO : Test_05_SearchCustomerByName :************* searching customer by Name **********
2024-01-07 20:06:21,328 :INFO : Test_05_SearchCustomerByName :***************  TC_05_SearchCustomerByName Finished!!!!!Hurray *********** 
2024-01-07 20:14:39,366 :INFO : Test_03_AddCustomer :************* Test_03_AddCustomer **********
2024-01-07 20:14:43,970 :INFO : Test_03_AddCustomer :************* Login successful **********
2024-01-07 20:14:43,970 :INFO : Test_03_AddCustomer :******* Starting new Testcase to add **********
2024-01-07 20:14:47,374 :INFO : Test_03_AddCustomer :************* Providing customer details **********
2024-01-07 20:14:58,507 :INFO : Test_03_AddCustomer :************* Saving customer info **********
2024-01-07 20:14:58,508 :INFO : Test_03_AddCustomer :********* Add customer validation started *****************
2024-01-07 20:14:59,099 :INFO : Test_03_AddCustomer :********* Customer added, Test Passed *********
2024-01-07 20:14:59,191 :INFO : Test_03_AddCustomer :******* Ending,Thank you Universe **********
2024-01-07 20:15:00,744 :INFO : Test_01_Login :****Started Login Test****
2024-01-07 20:15:06,382 :INFO : Test_01_Login :****Login test passed ****
2024-01-08 09:18:03,768 :INFO : Test_03_AddCustomer :************* Test_03_AddCustomer **********
2024-01-08 09:18:09,116 :INFO : Test_03_AddCustomer :************* Login successful **********
2024-01-08 09:18:09,118 :INFO : Test_03_AddCustomer :******* Starting new Testcase to add **********
2024-01-08 09:18:12,276 :INFO : Test_03_AddCustomer :************* Providing customer details **********
2024-01-08 09:18:25,130 :INFO : Test_03_AddCustomer :************* Saving customer info **********
2024-01-08 09:18:25,130 :INFO : Test_03_AddCustomer :********* Add customer validation started *****************
2024-01-08 09:18:25,989 :INFO : Test_03_AddCustomer :********* Customer added, Test Passed *********
2024-01-08 09:18:26,072 :INFO : Test_03_AddCustomer :******* Ending,Thank you Universe **********
2024-01-08 09:18:27,781 :INFO : Test_01_Login :****Started Login Test****
2024-01-08 09:18:33,167 :INFO : Test_01_Login :****Login test passed ****
2024-01-08 09:26:29,146 :INFO : Test_03_AddCustomer :************* Test_03_AddCustomer **********
2024-01-08 09:26:49,689 :INFO : Test_03_AddCustomer :************* Login successful **********
2024-01-08 09:26:49,689 :INFO : Test_03_AddCustomer :******* Starting new Testcase to add **********
2024-01-08 09:26:57,828 :INFO : Test_03_AddCustomer :************* Providing customer details **********
2024-01-08 09:27:13,373 :INFO : Test_03_AddCustomer :************* Saving customer info **********
2024-01-08 09:27:13,373 :INFO : Test_03_AddCustomer :********* Add customer validation started *****************
2024-01-08 09:27:14,541 :INFO : Test_03_AddCustomer :********* Customer added, Test Passed *********
2024-01-08 09:27:14,646 :INFO : Test_03_AddCustomer :******* Ending,Thank you Universe **********
2024-01-08 09:27:16,692 :INFO : Test_01_Login :*************** Test_001_Login *****************
2024-01-08 09:27:16,692 :INFO : Test_01_Login :****Started Home page title test ****
2024-01-08 09:27:16,692 :INFO : Test_01_Login :****Opening URL****
2024-01-08 09:27:18,709 :INFO : Test_01_Login :**** Home page title test passed ****
2024-01-08 09:27:20,664 :INFO : Test_01_Login :****Started Login Test****
2024-01-08 09:28:35,905 :INFO : Test_01_Login :****Login test passed ****
2024-01-08 09:28:37,943 :INFO : Test_02_DataDrivenTest_Login :*********Test_02_DataDrivenTest_Login*********
2024-01-08 09:28:37,943 :INFO : Test_02_DataDrivenTest_Login :****Started DDT Login Test****
2024-01-08 09:28:47,325 :INFO : Test_02_DataDrivenTest_Login :**** Test passed ****
2024-01-08 09:28:54,897 :INFO : Test_02_DataDrivenTest_Login :**** Test passed ****
2024-01-08 09:29:00,791 :INFO : Test_02_DataDrivenTest_Login :**** Test passed ****
2024-01-08 09:29:06,614 :INFO : Test_02_DataDrivenTest_Login :**** Test passed ****
2024-01-08 09:29:06,614 :INFO : Test_02_DataDrivenTest_Login :******* DDT Login test passed **********
2024-01-08 09:29:06,751 :INFO : Test_02_DataDrivenTest_Login :******* Login test completed **********
2024-01-08 09:29:08,566 :INFO : Test_04_SearchCustomerByEmail :************* Test 04 SearchCustomerByEmail **********
2024-01-08 09:29:13,437 :INFO : Test_04_SearchCustomerByEmail :************* Login successful **********
2024-01-08 09:29:13,437 :INFO : Test_04_SearchCustomerByEmail :******* Starting Search Customer By Email **********
2024-01-08 09:29:17,197 :INFO : Test_04_SearchCustomerByEmail :************* searching customer by emailID **********
2024-01-08 09:29:23,296 :INFO : Test_04_SearchCustomerByEmail :***************  TC_04_SearchCustomerByEmail Finished!!!!Hurray *********** 
2024-01-08 09:29:25,014 :INFO : Test_05_SearchCustomerByName :************* test_05_SearchCustomerByName **********
2024-01-08 09:30:57,864 :INFO : Test_05_SearchCustomerByName :************* Login successful **********
2024-01-08 09:30:57,864 :INFO : Test_05_SearchCustomerByName :******* Starting Search Customer By Name **********
2024-01-08 09:34:00,047 :INFO : Test_05_SearchCustomerByName :************* searching customer by Name **********
2024-01-08 09:34:07,312 :INFO : Test_05_SearchCustomerByName :***************  TC_05_SearchCustomerByName Finished!!!!!Hurray *********** 
2024-01-09 23:13:23,603 :INFO : Test_03_AddCustomer :************* Test_03_AddCustomer **********
2024-01-09 23:13:29,526 :INFO : Test_03_AddCustomer :************* Login successful **********
2024-01-09 23:13:29,526 :INFO : Test_03_AddCustomer :******* Starting new Testcase to add **********
2024-01-09 23:13:41,275 :INFO : Test_01_Login :*************** Test_001_Login *****************
2024-01-09 23:13:41,275 :INFO : Test_01_Login :****Started Home page title test ****
2024-01-09 23:13:41,275 :INFO : Test_01_Login :****Opening URL****
2024-01-09 23:13:44,503 :INFO : Test_01_Login :**** Home page title test passed ****
2024-01-09 23:13:46,002 :INFO : Test_01_Login :****Started Login Test****
2024-01-09 23:13:50,156 :INFO : Test_01_Login :****Login test passed ****
2024-01-09 23:13:51,771 :INFO : Test_02_DataDrivenTest_Login :*********Test_02_DataDrivenTest_Login*********
2024-01-09 23:13:51,771 :INFO : Test_02_DataDrivenTest_Login :****Started DDT Login Test****
2024-01-09 23:14:00,611 :INFO : Test_02_DataDrivenTest_Login :**** Test passed ****
2024-01-09 23:14:07,692 :INFO : Test_02_DataDrivenTest_Login :**** Test passed ****
2024-01-09 23:14:13,300 :INFO : Test_02_DataDrivenTest_Login :**** Test passed ****
2024-01-09 23:14:18,939 :INFO : Test_02_DataDrivenTest_Login :**** Test passed ****
2024-01-09 23:14:18,940 :INFO : Test_02_DataDrivenTest_Login :******* DDT Login test passed **********
2024-01-09 23:14:19,025 :INFO : Test_02_DataDrivenTest_Login :******* Login test completed **********
2024-01-09 23:14:20,471 :INFO : Test_04_SearchCustomerByEmail :************* Test 04 SearchCustomerByEmail **********
2024-01-09 23:14:24,956 :INFO : Test_05_SearchCustomerByName :************* test_05_SearchCustomerByName **********
2024-01-09 23:14:27,705 :INFO : Test_05_SearchCustomerByName :************* Login successful **********
2024-01-09 23:14:27,705 :INFO : Test_05_SearchCustomerByName :******* Starting Search Customer By Name **********
2024-01-09 23:14:36,553 :INFO : Test_05_SearchCustomerByName :************* searching customer by Name **********
2024-01-09 23:14:41,967 :INFO : Test_05_SearchCustomerByName :***************  TC_05_SearchCustomerByName Finished!!!!!Hurray *********** 
2024-01-10 08:43:30,451 :INFO : Test_03_AddCustomer :************* Test_03_AddCustomer **********
2024-01-10 08:43:35,330 :INFO : Test_03_AddCustomer :************* Login successful **********
2024-01-10 08:43:35,330 :INFO : Test_03_AddCustomer :******* Starting new Testcase to add **********
2024-01-10 08:43:47,286 :INFO : Test_01_Login :*************** Test_001_Login *****************
2024-01-10 08:43:47,286 :INFO : Test_01_Login :****Started Home page title test ****
2024-01-10 08:43:47,286 :INFO : Test_01_Login :****Opening URL****
2024-01-10 08:43:50,203 :INFO : Test_01_Login :**** Home page title test passed ****
2024-01-10 08:43:52,198 :INFO : Test_01_Login :****Started Login Test****
2024-01-10 08:43:57,907 :INFO : Test_01_Login :****Login test passed ****
2024-01-10 08:43:59,531 :INFO : Test_02_DataDrivenTest_Login :*********Test_02_DataDrivenTest_Login*********
2024-01-10 08:43:59,532 :INFO : Test_02_DataDrivenTest_Login :****Started DDT Login Test****
2024-01-10 08:44:08,573 :INFO : Test_02_DataDrivenTest_Login :**** Test passed ****
2024-01-10 08:44:15,777 :INFO : Test_02_DataDrivenTest_Login :**** Test passed ****
2024-01-10 08:44:21,463 :INFO : Test_02_DataDrivenTest_Login :**** Test passed ****
2024-01-10 08:44:27,409 :INFO : Test_02_DataDrivenTest_Login :**** Test passed ****
2024-01-10 08:44:27,410 :INFO : Test_02_DataDrivenTest_Login :******* DDT Login test passed **********
2024-01-10 08:44:27,519 :INFO : Test_02_DataDrivenTest_Login :******* Login test completed **********
2024-01-10 08:44:29,214 :INFO : Test_04_SearchCustomerByEmail :************* Test 04 SearchCustomerByEmail **********
2024-01-10 08:44:33,247 :INFO : Test_04_SearchCustomerByEmail :************* Login successful **********
2024-01-10 08:44:33,247 :INFO : Test_04_SearchCustomerByEmail :******* Starting Search Customer By Email **********
2024-01-10 08:44:35,830 :INFO : Test_04_SearchCustomerByEmail :************* searching customer by emailID **********
2024-01-10 08:44:41,779 :INFO : Test_04_SearchCustomerByEmail :***************  TC_04_SearchCustomerByEmail Finished!!!!Hurray *********** 
2024-01-10 08:44:43,448 :INFO : Test_05_SearchCustomerByName :************* test_05_SearchCustomerByName **********
2024-01-10 08:44:46,986 :INFO : Test_05_SearchCustomerByName :************* Login successful **********
2024-01-10 08:44:46,986 :INFO : Test_05_SearchCustomerByName :******* Starting Search Customer By Name **********
2024-01-10 08:44:52,710 :INFO : Test_05_SearchCustomerByName :************* searching customer by Name **********
2024-01-10 08:44:58,516 :INFO : Test_05_SearchCustomerByName :***************  TC_05_SearchCustomerByName Finished!!!!!Hurray *********** 
2024-01-10 08:45:41,663 :INFO : Test_03_AddCustomer :************* Test_03_AddCustomer **********
2024-01-10 08:45:46,271 :INFO : Test_03_AddCustomer :************* Login successful **********
2024-01-10 08:45:46,272 :INFO : Test_03_AddCustomer :******* Starting new Testcase to add **********
2024-01-10 08:45:49,886 :INFO : Test_03_AddCustomer :************* Providing customer details **********
2024-01-10 08:52:52,000 :INFO : Test_03_AddCustomer :************* Test_03_AddCustomer **********
2024-01-10 08:52:57,983 :INFO : Test_03_AddCustomer :************* Login successful **********
2024-01-10 08:52:57,983 :INFO : Test_03_AddCustomer :******* Starting new Testcase to add **********
2024-01-10 08:55:27,861 :INFO : Test_03_AddCustomer :************* Test_03_AddCustomer **********
2024-01-10 08:55:31,920 :INFO : Test_03_AddCustomer :************* Login successful **********
2024-01-10 08:55:31,921 :INFO : Test_03_AddCustomer :******* Starting new Testcase to add **********
2024-01-10 08:55:40,510 :INFO : Test_03_AddCustomer :************* Providing customer details **********
2024-01-10 08:55:51,813 :INFO : Test_03_AddCustomer :************* Saving customer info **********
2024-01-10 08:55:51,813 :INFO : Test_03_AddCustomer :********* Add customer validation started *****************
2024-01-10 08:55:52,712 :INFO : Test_03_AddCustomer :********* Customer added, Test Passed *********
2024-01-10 08:55:52,801 :INFO : Test_03_AddCustomer :******* Ending,Thank you Universe **********
2024-01-10 08:56:43,445 :INFO : Test_01_Login :****Started Login Test****
2024-01-10 08:56:43,531 :INFO : Test_03_AddCustomer :************* Test_03_AddCustomer **********
2024-01-10 08:56:48,130 :INFO : Test_03_AddCustomer :************* Login successful **********
2024-01-10 08:56:48,130 :INFO : Test_03_AddCustomer :******* Starting new Testcase to add **********
2024-01-10 08:56:49,511 :INFO : Test_01_Login :****Login test passed ****
2024-01-10 08:56:51,274 :INFO : Test_02_DataDrivenTest_Login :*********Test_02_DataDrivenTest_Login*********
2024-01-10 08:56:51,276 :INFO : Test_02_DataDrivenTest_Login :****Started DDT Login Test****
2024-01-10 08:56:56,969 :INFO : Test_03_AddCustomer :************* Providing customer details **********
2024-01-10 08:57:00,466 :INFO : Test_02_DataDrivenTest_Login :**** Test passed ****
2024-01-10 08:57:08,130 :INFO : Test_02_DataDrivenTest_Login :**** Test passed ****
2024-01-10 08:57:08,594 :INFO : Test_03_AddCustomer :************* Saving customer info **********
2024-01-10 08:57:08,595 :INFO : Test_03_AddCustomer :********* Add customer validation started *****************
2024-01-10 08:57:09,319 :INFO : Test_03_AddCustomer :********* Customer added, Test Passed *********
2024-01-10 08:57:09,439 :INFO : Test_03_AddCustomer :******* Ending,Thank you Universe **********
2024-01-10 08:57:11,026 :INFO : Test_01_Login :*************** Test_001_Login *****************
2024-01-10 08:57:11,026 :INFO : Test_01_Login :****Started Home page title test ****
2024-01-10 08:57:11,026 :INFO : Test_01_Login :****Opening URL****
2024-01-10 08:57:13,056 :INFO : Test_01_Login :**** Home page title test passed ****
2024-01-10 08:57:14,072 :INFO : Test_02_DataDrivenTest_Login :**** Test passed ****
2024-01-10 08:57:14,770 :INFO : Test_05_SearchCustomerByName :************* test_05_SearchCustomerByName **********
2024-01-10 08:57:19,989 :INFO : Test_02_DataDrivenTest_Login :**** Test passed ****
2024-01-10 08:57:19,990 :INFO : Test_02_DataDrivenTest_Login :******* DDT Login test passed **********
2024-01-10 08:57:20,133 :INFO : Test_02_DataDrivenTest_Login :******* Login test completed **********
2024-01-10 08:57:20,267 :INFO : Test_05_SearchCustomerByName :************* Login successful **********
2024-01-10 08:57:20,267 :INFO : Test_05_SearchCustomerByName :******* Starting Search Customer By Name **********
2024-01-10 08:57:22,101 :INFO : Test_04_SearchCustomerByEmail :************* Test 04 SearchCustomerByEmail **********
2024-01-10 08:57:25,078 :INFO : Test_04_SearchCustomerByEmail :************* Login successful **********
2024-01-10 08:57:25,078 :INFO : Test_04_SearchCustomerByEmail :******* Starting Search Customer By Email **********
2024-01-10 08:57:26,911 :INFO : Test_05_SearchCustomerByName :************* searching customer by Name **********
2024-01-10 08:57:27,753 :INFO : Test_04_SearchCustomerByEmail :************* searching customer by emailID **********
2024-01-10 08:57:32,770 :INFO : Test_05_SearchCustomerByName :***************  TC_05_SearchCustomerByName Finished!!!!!Hurray *********** 
2024-01-10 08:57:33,940 :INFO : Test_04_SearchCustomerByEmail :***************  TC_04_SearchCustomerByEmail Finished!!!!Hurray *********** 
2024-01-10 10:02:12,723 :INFO : Test_03_AddCustomer :************* Test_03_AddCustomer **********
2024-01-10 10:02:17,265 :INFO : Test_03_AddCustomer :************* Login successful **********
2024-01-10 10:02:17,265 :INFO : Test_03_AddCustomer :******* Starting new Testcase to add **********
2024-01-10 10:02:26,789 :INFO : Test_03_AddCustomer :************* Providing customer details **********
2024-01-10 10:02:38,503 :INFO : Test_03_AddCustomer :************* Saving customer info **********
2024-01-10 10:02:38,503 :INFO : Test_03_AddCustomer :********* Add customer validation started *****************
2024-01-10 10:02:39,463 :INFO : Test_03_AddCustomer :********* Customer added, Test Passed *********
2024-01-10 10:02:39,547 :INFO : Test_03_AddCustomer :******* Ending,Thank you Universe **********
2024-01-10 10:02:41,175 :INFO : Test_01_Login :*************** Test_001_Login *****************
2024-01-10 10:02:41,175 :INFO : Test_01_Login :****Started Home page title test ****
2024-01-10 10:02:41,175 :INFO : Test_01_Login :****Opening URL****
2024-01-10 10:02:43,403 :INFO : Test_01_Login :**** Home page title test passed ****
2024-01-10 10:02:45,049 :INFO : Test_01_Login :****Started Login Test****
2024-01-10 10:02:52,343 :INFO : Test_01_Login :****Login test passed ****
2024-01-10 10:02:54,075 :INFO : Test_02_DataDrivenTest_Login :*********Test_02_DataDrivenTest_Login*********
2024-01-10 10:02:54,076 :INFO : Test_02_DataDrivenTest_Login :****Started DDT Login Test****
2024-01-10 10:03:04,598 :INFO : Test_02_DataDrivenTest_Login :**** Test passed ****
2024-01-10 10:03:11,995 :INFO : Test_02_DataDrivenTest_Login :**** Test passed ****
2024-01-10 10:03:17,941 :INFO : Test_02_DataDrivenTest_Login :**** Test passed ****
2024-01-10 10:03:23,863 :INFO : Test_02_DataDrivenTest_Login :**** Test passed ****
2024-01-10 10:03:23,864 :INFO : Test_02_DataDrivenTest_Login :******* DDT Login test passed **********
2024-01-10 10:03:23,954 :INFO : Test_02_DataDrivenTest_Login :******* Login test completed **********
2024-01-10 10:03:25,514 :INFO : Test_04_SearchCustomerByEmail :************* Test 04 SearchCustomerByEmail **********
2024-01-10 10:03:29,675 :INFO : Test_04_SearchCustomerByEmail :************* Login successful **********
2024-01-10 10:03:29,675 :INFO : Test_04_SearchCustomerByEmail :******* Starting Search Customer By Email **********
2024-01-10 10:03:32,804 :INFO : Test_05_SearchCustomerByName :************* test_05_SearchCustomerByName **********
2024-01-10 10:03:37,394 :INFO : Test_05_SearchCustomerByName :************* Login successful **********
2024-01-10 10:03:37,394 :INFO : Test_05_SearchCustomerByName :******* Starting Search Customer By Name **********
2024-01-10 10:12:47,905 :INFO : Test_03_AddCustomer :************* Test_03_AddCustomer **********
2024-01-10 10:12:57,155 :INFO : Test_03_AddCustomer :************* Login successful **********
2024-01-10 10:12:57,155 :INFO : Test_03_AddCustomer :******* Starting new Testcase to add **********
2024-01-10 10:13:06,678 :INFO : Test_03_AddCustomer :************* Providing customer details **********
2024-01-10 10:13:21,257 :INFO : Test_03_AddCustomer :************* Saving customer info **********
2024-01-10 10:13:21,257 :INFO : Test_03_AddCustomer :********* Add customer validation started *****************
2024-01-10 10:13:22,309 :INFO : Test_03_AddCustomer :********* Customer added, Test Passed *********
2024-01-10 10:13:22,398 :INFO : Test_03_AddCustomer :******* Ending,Thank you Universe **********
2024-01-10 10:13:23,978 :INFO : Test_01_Login :*************** Test_001_Login *****************
2024-01-10 10:13:23,978 :INFO : Test_01_Login :****Started Home page title test ****
2024-01-10 10:13:23,979 :INFO : Test_01_Login :****Opening URL****
2024-01-10 10:13:27,178 :INFO : Test_01_Login :**** Home page title test passed ****
2024-01-10 10:13:28,874 :INFO : Test_01_Login :****Started Login Test****
2024-01-10 10:13:33,832 :INFO : Test_01_Login :****Login test passed ****
2024-01-10 10:13:35,811 :INFO : Test_02_DataDrivenTest_Login :*********Test_02_DataDrivenTest_Login*********
2024-01-10 10:13:35,811 :INFO : Test_02_DataDrivenTest_Login :****Started DDT Login Test****
2024-01-10 10:13:45,552 :INFO : Test_02_DataDrivenTest_Login :**** Test passed ****
2024-01-10 10:13:53,244 :INFO : Test_02_DataDrivenTest_Login :**** Test passed ****
2024-01-10 10:13:59,238 :INFO : Test_02_DataDrivenTest_Login :**** Test passed ****
2024-01-10 10:14:05,169 :INFO : Test_02_DataDrivenTest_Login :**** Test passed ****
2024-01-10 10:14:05,169 :INFO : Test_02_DataDrivenTest_Login :******* DDT Login test passed **********
2024-01-10 10:14:05,264 :INFO : Test_02_DataDrivenTest_Login :******* Login test completed **********
2024-01-10 10:14:06,807 :INFO : Test_04_SearchCustomerByEmail :************* Test 04 SearchCustomerByEmail **********
2024-01-10 10:14:11,995 :INFO : Test_04_SearchCustomerByEmail :************* Login successful **********
2024-01-10 10:14:11,995 :INFO : Test_04_SearchCustomerByEmail :******* Starting Search Customer By Email **********
2024-01-10 10:14:15,302 :INFO : Test_04_SearchCustomerByEmail :************* searching customer by emailID **********
2024-01-10 10:14:21,519 :INFO : Test_04_SearchCustomerByEmail :***************  TC_04_SearchCustomerByEmail Finished!!!!Hurray *********** 
2024-01-10 10:14:23,060 :INFO : Test_05_SearchCustomerByName :************* test_05_SearchCustomerByName **********
2024-01-10 10:14:30,280 :INFO : Test_05_SearchCustomerByName :************* Login successful **********
2024-01-10 10:14:30,281 :INFO : Test_05_SearchCustomerByName :******* Starting Search Customer By Name **********
2024-01-10 10:14:37,183 :INFO : Test_05_SearchCustomerByName :************* searching customer by Name **********
2024-01-10 10:14:42,930 :INFO : Test_05_SearchCustomerByName :***************  TC_05_SearchCustomerByName Finished!!!!!Hurray *********** 
2024-01-10 10:40:57,443 :INFO : Test_03_AddCustomer :************* Test_03_AddCustomer **********
2024-01-10 10:41:00,624 :INFO : Test_03_AddCustomer :************* Login successful **********
2024-01-10 10:41:00,625 :INFO : Test_03_AddCustomer :******* Starting new Testcase to add **********
2024-01-10 10:41:08,628 :INFO : Test_03_AddCustomer :************* Providing customer details **********
2024-01-10 10:41:19,348 :INFO : Test_03_AddCustomer :************* Saving customer info **********
2024-01-10 10:41:19,348 :INFO : Test_03_AddCustomer :********* Add customer validation started *****************
2024-01-10 10:41:19,911 :INFO : Test_03_AddCustomer :********* Customer added, Test Passed *********
2024-01-10 10:41:19,981 :INFO : Test_03_AddCustomer :******* Ending,Thank you Universe **********
2024-01-10 10:41:21,481 :INFO : Test_01_Login :****Started Login Test****
2024-01-10 10:41:27,315 :INFO : Test_01_Login :****Login test passed ****
2024-01-11 22:00:03,149 :INFO : Test_03_AddCustomer :************* Test_03_AddCustomer **********
2024-01-11 22:00:10,402 :INFO : Test_03_AddCustomer :************* Login successful **********
2024-01-11 22:00:10,402 :INFO : Test_03_AddCustomer :******* Starting new Testcase to add **********
2024-01-11 22:00:21,702 :INFO : Test_03_AddCustomer :************* Providing customer details **********
2024-01-11 22:00:34,871 :INFO : Test_03_AddCustomer :************* Saving customer info **********
2024-01-11 22:00:34,871 :INFO : Test_03_AddCustomer :********* Add customer validation started *****************
2024-01-11 22:00:36,558 :INFO : Test_03_AddCustomer :********* Customer added, Test Passed *********
2024-01-11 22:00:36,704 :INFO : Test_03_AddCustomer :******* Ending,Thank you Universe **********
2024-01-11 22:00:39,773 :INFO : Test_01_Login :****Started Login Test****
2024-01-11 22:00:45,712 :INFO : Test_01_Login :****Login test passed ****
2024-01-11 22:02:19,134 :INFO : Test_03_AddCustomer :************* Test_03_AddCustomer **********
2024-01-11 22:02:26,518 :INFO : Test_03_AddCustomer :************* Login successful **********
2024-01-11 22:02:26,518 :INFO : Test_03_AddCustomer :******* Starting new Testcase to add **********
2024-01-11 22:02:37,062 :INFO : Test_03_AddCustomer :************* Providing customer details **********
2024-01-11 22:02:49,139 :INFO : Test_03_AddCustomer :************* Saving customer info **********
2024-01-11 22:02:49,139 :INFO : Test_03_AddCustomer :********* Add customer validation started *****************
2024-01-11 22:02:50,333 :INFO : Test_03_AddCustomer :********* Customer added, Test Passed *********
2024-01-11 22:02:50,448 :INFO : Test_03_AddCustomer :******* Ending,Thank you Universe **********
2024-01-11 22:02:52,939 :INFO : Test_01_Login :*************** Test_001_Login *****************
2024-01-11 22:02:52,939 :INFO : Test_01_Login :****Started Home page title test ****
2024-01-11 22:02:52,944 :INFO : Test_01_Login :****Opening URL****
2024-01-11 22:02:58,119 :INFO : Test_01_Login :**** Home page title test passed ****
2024-01-11 22:03:00,721 :INFO : Test_01_Login :****Started Login Test****
2024-01-11 22:03:05,852 :INFO : Test_01_Login :****Login test passed ****
2024-01-11 22:03:08,270 :INFO : Test_02_DataDrivenTest_Login :*********Test_02_DataDrivenTest_Login*********
2024-01-11 22:03:08,270 :INFO : Test_02_DataDrivenTest_Login :****Started DDT Login Test****
2024-01-11 22:03:20,681 :INFO : Test_02_DataDrivenTest_Login :**** Test passed ****
2024-01-11 22:03:29,267 :INFO : Test_02_DataDrivenTest_Login :**** Test passed ****
2024-01-11 22:03:35,604 :INFO : Test_02_DataDrivenTest_Login :**** Test passed ****
2024-01-11 22:03:42,127 :INFO : Test_02_DataDrivenTest_Login :**** Test passed ****
2024-01-11 22:03:42,127 :INFO : Test_02_DataDrivenTest_Login :******* DDT Login test passed **********
2024-01-11 22:03:42,296 :INFO : Test_02_DataDrivenTest_Login :******* Login test completed **********
2024-01-11 22:03:44,774 :INFO : Test_04_SearchCustomerByEmail :************* Test 04 SearchCustomerByEmail **********
2024-01-11 22:03:49,495 :INFO : Test_04_SearchCustomerByEmail :************* Login successful **********
2024-01-11 22:03:49,495 :INFO : Test_04_SearchCustomerByEmail :******* Starting Search Customer By Email **********
2024-01-11 22:04:03,756 :INFO : Test_05_SearchCustomerByName :************* test_05_SearchCustomerByName **********
2024-01-11 22:04:14,964 :INFO : Test_05_SearchCustomerByName :************* Login successful **********
2024-01-11 22:04:14,964 :INFO : Test_05_SearchCustomerByName :******* Starting Search Customer By Name **********
2024-01-11 22:04:23,151 :INFO : Test_05_SearchCustomerByName :************* searching customer by Name **********
2024-01-11 22:04:29,306 :INFO : Test_05_SearchCustomerByName :***************  TC_05_SearchCustomerByName Finished!!!!!Hurray *********** 
2024-01-12 08:15:39,705 :INFO : Test_03_AddCustomer :************* Test_03_AddCustomer **********
2024-01-12 08:15:53,390 :INFO : Test_03_AddCustomer :************* Login successful **********
2024-01-12 08:15:53,390 :INFO : Test_03_AddCustomer :******* Starting new Testcase to add **********
2024-01-12 08:16:00,069 :INFO : Test_01_Login :*************** Test_001_Login *****************
2024-01-12 08:16:00,069 :INFO : Test_01_Login :****Started Home page title test ****
2024-01-12 08:16:00,069 :INFO : Test_01_Login :****Opening URL****
2024-01-12 08:16:03,009 :INFO : Test_01_Login :**** Home page title test passed ****
2024-01-12 08:16:04,528 :INFO : Test_01_Login :****Started Login Test****
2024-01-12 08:16:09,493 :INFO : Test_01_Login :****Login test passed ****
2024-01-12 08:16:11,012 :INFO : Test_02_DataDrivenTest_Login :*********Test_02_DataDrivenTest_Login*********
2024-01-12 08:16:11,013 :INFO : Test_02_DataDrivenTest_Login :****Started DDT Login Test****
2024-01-12 08:16:20,230 :INFO : Test_02_DataDrivenTest_Login :**** Test passed ****
2024-01-12 08:16:27,488 :INFO : Test_02_DataDrivenTest_Login :**** Test passed ****
2024-01-12 08:16:33,181 :INFO : Test_02_DataDrivenTest_Login :**** Test passed ****
2024-01-12 08:16:38,902 :INFO : Test_02_DataDrivenTest_Login :**** Test passed ****
2024-01-12 08:16:38,902 :INFO : Test_02_DataDrivenTest_Login :******* DDT Login test passed **********
2024-01-12 08:16:38,996 :INFO : Test_02_DataDrivenTest_Login :******* Login test completed **********
2024-01-12 08:16:40,405 :INFO : Test_04_SearchCustomerByEmail :************* Test 04 SearchCustomerByEmail **********
2024-01-12 08:16:44,902 :INFO : Test_04_SearchCustomerByEmail :************* Login successful **********
2024-01-12 08:16:44,902 :INFO : Test_04_SearchCustomerByEmail :******* Starting Search Customer By Email **********
2024-01-12 08:16:47,227 :INFO : Test_04_SearchCustomerByEmail :************* searching customer by emailID **********
2024-01-12 08:16:53,278 :INFO : Test_04_SearchCustomerByEmail :***************  TC_04_SearchCustomerByEmail Finished!!!!Hurray *********** 
2024-01-12 08:16:54,755 :INFO : Test_05_SearchCustomerByName :************* test_05_SearchCustomerByName **********
2024-01-12 08:16:59,310 :INFO : Test_05_SearchCustomerByName :************* Login successful **********
2024-01-12 08:16:59,310 :INFO : Test_05_SearchCustomerByName :******* Starting Search Customer By Name **********
2024-01-12 08:17:05,622 :INFO : Test_05_SearchCustomerByName :************* searching customer by Name **********
2024-01-12 08:17:11,149 :INFO : Test_05_SearchCustomerByName :***************  TC_05_SearchCustomerByName Finished!!!!!Hurray *********** 
2024-01-12 08:30:48,667 :INFO : Test_03_AddCustomer :************* Test_03_AddCustomer **********
2024-01-12 08:30:53,339 :INFO : Test_03_AddCustomer :************* Login successful **********
2024-01-12 08:30:53,340 :INFO : Test_03_AddCustomer :******* Starting new Testcase to add **********
2024-01-12 08:31:05,647 :INFO : Test_03_AddCustomer :************* Providing customer details **********
2024-01-12 08:31:13,312 :INFO : Test_01_Login :*************** Test_001_Login *****************
2024-01-12 08:31:13,312 :INFO : Test_01_Login :****Started Home page title test ****
2024-01-12 08:31:13,312 :INFO : Test_01_Login :****Opening URL****
2024-01-12 08:31:15,947 :INFO : Test_01_Login :****Started Login Test****
2024-01-12 08:31:18,067 :INFO : Test_02_DataDrivenTest_Login :*********Test_02_DataDrivenTest_Login*********
2024-01-12 08:31:18,067 :INFO : Test_02_DataDrivenTest_Login :****Started DDT Login Test****
2024-01-12 08:31:20,023 :INFO : Test_04_SearchCustomerByEmail :************* Test 04 SearchCustomerByEmail **********
2024-01-12 08:31:21,954 :INFO : Test_05_SearchCustomerByName :************* test_05_SearchCustomerByName **********
2024-01-12 08:34:59,994 :INFO : Test_03_AddCustomer :************* Test_03_AddCustomer **********
2024-01-12 08:35:04,112 :INFO : Test_03_AddCustomer :************* Login successful **********
2024-01-12 08:35:04,112 :INFO : Test_03_AddCustomer :******* Starting new Testcase to add **********
2024-01-12 08:35:13,179 :INFO : Test_03_AddCustomer :************* Providing customer details **********
2024-01-12 08:35:24,663 :INFO : Test_03_AddCustomer :************* Saving customer info **********
2024-01-12 08:35:24,663 :INFO : Test_03_AddCustomer :********* Add customer validation started *****************
2024-01-12 08:35:25,608 :INFO : Test_03_AddCustomer :********* Customer added, Test Passed *********
2024-01-12 08:35:25,680 :INFO : Test_03_AddCustomer :******* Ending,Thank you Universe **********
2024-01-12 08:35:27,113 :INFO : Test_01_Login :*************** Test_001_Login *****************
2024-01-12 08:35:27,113 :INFO : Test_01_Login :****Started Home page title test ****
2024-01-12 08:35:27,113 :INFO : Test_01_Login :****Opening URL****
2024-01-12 08:35:28,392 :INFO : Test_01_Login :**** Home page title test passed ****
2024-01-12 08:35:29,918 :INFO : Test_01_Login :****Started Login Test****
2024-01-12 08:35:36,024 :INFO : Test_01_Login :****Login test passed ****
2024-01-12 08:35:37,532 :INFO : Test_02_DataDrivenTest_Login :*********Test_02_DataDrivenTest_Login*********
2024-01-12 08:35:37,532 :INFO : Test_02_DataDrivenTest_Login :****Started DDT Login Test****
2024-01-12 08:35:46,290 :INFO : Test_02_DataDrivenTest_Login :**** Test passed ****
2024-01-12 08:35:53,475 :INFO : Test_02_DataDrivenTest_Login :**** Test passed ****
2024-01-12 08:35:59,221 :INFO : Test_02_DataDrivenTest_Login :**** Test passed ****
2024-01-12 08:36:04,893 :INFO : Test_02_DataDrivenTest_Login :**** Test passed ****
2024-01-12 08:36:04,893 :INFO : Test_02_DataDrivenTest_Login :******* DDT Login test passed **********
2024-01-12 08:36:04,986 :INFO : Test_02_DataDrivenTest_Login :******* Login test completed **********
2024-01-12 08:36:06,450 :INFO : Test_04_SearchCustomerByEmail :************* Test 04 SearchCustomerByEmail **********
2024-01-12 08:36:09,982 :INFO : Test_04_SearchCustomerByEmail :************* Login successful **********
2024-01-12 08:36:09,982 :INFO : Test_04_SearchCustomerByEmail :******* Starting Search Customer By Email **********
2024-01-12 08:36:11,990 :INFO : Test_04_SearchCustomerByEmail :************* searching customer by emailID **********
2024-01-12 08:36:17,842 :INFO : Test_04_SearchCustomerByEmail :***************  TC_04_SearchCustomerByEmail Finished!!!!Hurray *********** 
2024-01-12 08:36:19,310 :INFO : Test_05_SearchCustomerByName :************* test_05_SearchCustomerByName **********
2024-01-12 08:36:22,498 :INFO : Test_05_SearchCustomerByName :************* Login successful **********
2024-01-12 08:36:22,498 :INFO : Test_05_SearchCustomerByName :******* Starting Search Customer By Name **********
2024-01-12 08:36:27,866 :INFO : Test_05_SearchCustomerByName :************* searching customer by Name **********
2024-01-12 08:36:33,250 :INFO : Test_05_SearchCustomerByName :***************  TC_05_SearchCustomerByName Finished!!!!!Hurray *********** 
2024-01-12 09:49:27,939 :INFO : Test_01_Login :*************** Test_001_Login *****************
2024-01-12 09:49:27,940 :INFO : Test_01_Login :****Started Home page title test ****
2024-01-12 09:49:27,940 :INFO : Test_01_Login :****Opening URL****
2024-01-12 09:49:28,046 :INFO : Test_01_Login :****Started Login Test****
2024-01-12 09:49:29,837 :INFO : Test_01_Login :**** Home page title test passed ****
2024-01-12 09:49:32,916 :INFO : Test_01_Login :****Login test passed ****
2024-01-12 09:49:56,861 :INFO : Test_03_AddCustomer :************* Test_03_AddCustomer **********
2024-01-12 09:50:00,353 :INFO : Test_03_AddCustomer :************* Login successful **********
2024-01-12 09:50:00,354 :INFO : Test_03_AddCustomer :******* Starting new Testcase to add **********
2024-01-12 09:50:11,966 :INFO : Test_01_Login :*************** Test_001_Login *****************
2024-01-12 09:50:11,966 :INFO : Test_01_Login :****Started Home page title test ****
2024-01-12 09:50:11,966 :INFO : Test_01_Login :****Opening URL****
2024-01-12 09:50:13,281 :INFO : Test_01_Login :**** Home page title test passed ****
2024-01-12 09:50:14,795 :INFO : Test_01_Login :****Started Login Test****
2024-01-12 09:50:19,723 :INFO : Test_01_Login :****Login test passed ****
2024-01-12 09:50:21,238 :INFO : Test_02_DataDrivenTest_Login :*********Test_02_DataDrivenTest_Login*********
2024-01-12 09:50:21,238 :INFO : Test_02_DataDrivenTest_Login :****Started DDT Login Test****
2024-01-12 09:50:30,372 :INFO : Test_02_DataDrivenTest_Login :**** Test passed ****
2024-01-12 09:50:37,483 :INFO : Test_02_DataDrivenTest_Login :**** Test passed ****
2024-01-12 09:50:43,195 :INFO : Test_02_DataDrivenTest_Login :**** Test passed ****
2024-01-12 09:50:48,974 :INFO : Test_02_DataDrivenTest_Login :**** Test passed ****
2024-01-12 09:50:48,974 :INFO : Test_02_DataDrivenTest_Login :******* DDT Login test passed **********
2024-01-12 09:50:49,069 :INFO : Test_02_DataDrivenTest_Login :******* Login test completed **********
2024-01-12 09:50:50,547 :INFO : Test_04_SearchCustomerByEmail :************* Test 04 SearchCustomerByEmail **********
2024-01-12 09:50:54,487 :INFO : Test_04_SearchCustomerByEmail :************* Login successful **********
2024-01-12 09:50:54,487 :INFO : Test_04_SearchCustomerByEmail :******* Starting Search Customer By Email **********
2024-01-12 09:51:06,156 :INFO : Test_05_SearchCustomerByName :************* test_05_SearchCustomerByName **********
2024-01-12 09:51:13,028 :INFO : Test_05_SearchCustomerByName :************* Login successful **********
2024-01-12 09:51:13,029 :INFO : Test_05_SearchCustomerByName :******* Starting Search Customer By Name **********
2024-01-12 09:51:19,294 :INFO : Test_05_SearchCustomerByName :************* searching customer by Name **********
2024-01-12 09:51:24,784 :INFO : Test_05_SearchCustomerByName :***************  TC_05_SearchCustomerByName Finished!!!!!Hurray *********** 
2024-01-12 09:55:13,148 :INFO : Test_03_AddCustomer :************* Test_03_AddCustomer **********
2024-01-12 09:55:17,554 :INFO : Test_03_AddCustomer :************* Login successful **********
2024-01-12 09:55:17,554 :INFO : Test_03_AddCustomer :******* Starting new Testcase to add **********
2024-01-12 09:55:25,914 :INFO : Test_03_AddCustomer :************* Providing customer details **********
2024-01-12 09:55:36,520 :INFO : Test_03_AddCustomer :************* Saving customer info **********
2024-01-12 09:55:36,520 :INFO : Test_03_AddCustomer :********* Add customer validation started *****************
2024-01-12 09:55:37,171 :INFO : Test_03_AddCustomer :********* Customer added, Test Passed *********
2024-01-12 09:55:37,254 :INFO : Test_03_AddCustomer :******* Ending,Thank you Universe **********
2024-01-12 09:55:38,677 :INFO : Test_01_Login :*************** Test_001_Login *****************
2024-01-12 09:55:38,678 :INFO : Test_01_Login :****Started Home page title test ****
2024-01-12 09:55:38,678 :INFO : Test_01_Login :****Opening URL****
2024-01-12 09:55:41,540 :INFO : Test_01_Login :**** Home page title test passed ****
2024-01-12 09:55:43,073 :INFO : Test_01_Login :****Started Login Test****
2024-01-12 09:55:46,355 :INFO : Test_01_Login :****Login test passed ****
2024-01-12 09:55:47,809 :INFO : Test_02_DataDrivenTest_Login :*********Test_02_DataDrivenTest_Login*********
2024-01-12 09:55:47,809 :INFO : Test_02_DataDrivenTest_Login :****Started DDT Login Test****
2024-01-12 09:55:57,013 :INFO : Test_02_DataDrivenTest_Login :**** Test passed ****
2024-01-12 09:56:04,180 :INFO : Test_02_DataDrivenTest_Login :**** Test passed ****
2024-01-12 09:56:09,847 :INFO : Test_02_DataDrivenTest_Login :**** Test passed ****
2024-01-12 09:56:15,517 :INFO : Test_02_DataDrivenTest_Login :**** Test passed ****
2024-01-12 09:56:15,517 :INFO : Test_02_DataDrivenTest_Login :******* DDT Login test passed **********
2024-01-12 09:56:15,602 :INFO : Test_02_DataDrivenTest_Login :******* Login test completed **********
2024-01-12 09:56:17,040 :INFO : Test_04_SearchCustomerByEmail :************* Test 04 SearchCustomerByEmail **********
2024-01-12 09:56:21,486 :INFO : Test_04_SearchCustomerByEmail :************* Login successful **********
2024-01-12 09:56:21,487 :INFO : Test_04_SearchCustomerByEmail :******* Starting Search Customer By Email **********
2024-01-12 09:56:23,649 :INFO : Test_04_SearchCustomerByEmail :************* searching customer by emailID **********
2024-01-12 09:56:29,414 :INFO : Test_04_SearchCustomerByEmail :***************  TC_04_SearchCustomerByEmail Finished!!!!Hurray *********** 
2024-01-12 09:56:30,859 :INFO : Test_05_SearchCustomerByName :************* test_05_SearchCustomerByName **********
2024-01-12 09:56:34,734 :INFO : Test_05_SearchCustomerByName :************* Login successful **********
2024-01-12 09:56:34,734 :INFO : Test_05_SearchCustomerByName :******* Starting Search Customer By Name **********
2024-01-12 09:56:40,868 :INFO : Test_05_SearchCustomerByName :************* searching customer by Name **********
2024-01-12 09:56:46,276 :INFO : Test_05_SearchCustomerByName :***************  TC_05_SearchCustomerByName Finished!!!!!Hurray *********** 
2024-01-12 10:22:40,848 :INFO : Test_03_AddCustomer :************* Test_03_AddCustomer **********
2024-01-12 10:22:45,210 :INFO : Test_03_AddCustomer :************* Login successful **********
2024-01-12 10:22:45,210 :INFO : Test_03_AddCustomer :******* Starting new Testcase to add **********
2024-01-12 10:22:53,519 :INFO : Test_03_AddCustomer :************* Providing customer details **********
2024-01-12 10:23:04,295 :INFO : Test_03_AddCustomer :************* Saving customer info **********
2024-01-12 10:23:04,295 :INFO : Test_03_AddCustomer :********* Add customer validation started *****************
2024-01-12 10:23:04,903 :INFO : Test_03_AddCustomer :********* Customer added, Test Passed *********
2024-01-12 10:23:04,970 :INFO : Test_03_AddCustomer :******* Ending,Thank you Universe **********
2024-01-12 10:23:06,344 :INFO : Test_01_Login :*************** Test_001_Login *****************
2024-01-12 10:23:06,344 :INFO : Test_01_Login :****Started Home page title test ****
2024-01-12 10:23:06,344 :INFO : Test_01_Login :****Opening URL****
2024-01-12 10:23:08,225 :INFO : Test_01_Login :**** Home page title test passed ****
2024-01-12 10:23:09,631 :INFO : Test_01_Login :****Started Login Test****
2024-01-12 10:23:14,482 :INFO : Test_01_Login :****Login test passed ****
2024-01-12 10:23:15,899 :INFO : Test_02_DataDrivenTest_Login :*********Test_02_DataDrivenTest_Login*********
2024-01-12 10:23:15,899 :INFO : Test_02_DataDrivenTest_Login :****Started DDT Login Test****
2024-01-12 10:23:23,429 :INFO : Test_02_DataDrivenTest_Login :**** Test passed ****
2024-01-12 10:23:30,401 :INFO : Test_02_DataDrivenTest_Login :**** Test passed ****
2024-01-12 10:23:35,981 :INFO : Test_02_DataDrivenTest_Login :**** Test passed ****
2024-01-12 10:23:41,641 :INFO : Test_02_DataDrivenTest_Login :**** Test passed ****
2024-01-12 10:23:41,642 :INFO : Test_02_DataDrivenTest_Login :******* DDT Login test passed **********
2024-01-12 10:23:41,721 :INFO : Test_02_DataDrivenTest_Login :******* Login test completed **********
2024-01-12 10:23:43,080 :INFO : Test_04_SearchCustomerByEmail :************* Test 04 SearchCustomerByEmail **********
2024-01-12 10:23:47,236 :INFO : Test_04_SearchCustomerByEmail :************* Login successful **********
2024-01-12 10:23:47,236 :INFO : Test_04_SearchCustomerByEmail :******* Starting Search Customer By Email **********
2024-01-12 10:23:49,166 :INFO : Test_04_SearchCustomerByEmail :************* searching customer by emailID **********
2024-01-12 10:23:54,989 :INFO : Test_04_SearchCustomerByEmail :***************  TC_04_SearchCustomerByEmail Finished!!!!Hurray *********** 
2024-01-12 10:23:56,422 :INFO : Test_05_SearchCustomerByName :************* test_05_SearchCustomerByName **********
2024-01-12 10:23:59,435 :INFO : Test_05_SearchCustomerByName :************* Login successful **********
2024-01-12 10:23:59,435 :INFO : Test_05_SearchCustomerByName :******* Starting Search Customer By Name **********
2024-01-12 10:24:05,523 :INFO : Test_05_SearchCustomerByName :************* searching customer by Name **********
2024-01-12 10:24:10,903 :INFO : Test_05_SearchCustomerByName :***************  TC_05_SearchCustomerByName Finished!!!!!Hurray *********** 
2024-01-15 11:09:41,632 :INFO : Test_03_AddCustomer :************* Test_03_AddCustomer **********
2024-01-15 11:09:46,600 :INFO : Test_03_AddCustomer :************* Login successful **********
2024-01-15 11:09:46,600 :INFO : Test_03_AddCustomer :******* Starting new Testcase to add **********
2024-01-15 11:09:58,303 :INFO : Test_03_AddCustomer :************* Providing customer details **********
2024-01-15 11:10:09,993 :INFO : Test_03_AddCustomer :************* Saving customer info **********
2024-01-15 11:10:09,993 :INFO : Test_03_AddCustomer :********* Add customer validation started *****************
2024-01-15 11:10:11,072 :INFO : Test_03_AddCustomer :********* Customer added, Test Passed *********
2024-01-15 11:10:11,169 :INFO : Test_03_AddCustomer :******* Ending,Thank you Universe **********
2024-01-15 11:10:12,960 :INFO : Test_01_Login :*************** Test_001_Login *****************
2024-01-15 11:10:12,960 :INFO : Test_01_Login :****Started Home page title test ****
2024-01-15 11:10:12,960 :INFO : Test_01_Login :****Opening URL****
2024-01-15 11:10:15,600 :INFO : Test_01_Login :**** Home page title test passed ****
2024-01-15 11:10:17,475 :INFO : Test_01_Login :****Started Login Test****
2024-01-15 11:10:21,292 :INFO : Test_01_Login :****Login test passed ****
2024-01-15 11:10:23,114 :INFO : Test_02_DataDrivenTest_Login :*********Test_02_DataDrivenTest_Login*********
2024-01-15 11:10:23,116 :INFO : Test_02_DataDrivenTest_Login :****Started DDT Login Test****
2024-01-15 11:10:32,063 :INFO : Test_02_DataDrivenTest_Login :**** Test passed ****
2024-01-15 11:10:39,865 :INFO : Test_02_DataDrivenTest_Login :**** Test passed ****
2024-01-15 11:10:45,912 :INFO : Test_02_DataDrivenTest_Login :**** Test passed ****
2024-01-15 11:11:02,033 :INFO : Test_02_DataDrivenTest_Login :**** Test passed ****
2024-01-15 11:11:02,035 :INFO : Test_02_DataDrivenTest_Login :******* DDT Login test passed **********
2024-01-15 11:11:02,168 :INFO : Test_02_DataDrivenTest_Login :******* Login test completed **********
2024-01-15 11:11:03,804 :INFO : Test_04_SearchCustomerByEmail :************* Test 04 SearchCustomerByEmail **********
2024-01-15 11:11:07,425 :INFO : Test_04_SearchCustomerByEmail :************* Login successful **********
2024-01-15 11:11:07,426 :INFO : Test_04_SearchCustomerByEmail :******* Starting Search Customer By Email **********
2024-01-15 11:11:09,803 :INFO : Test_04_SearchCustomerByEmail :************* searching customer by emailID **********
2024-01-15 11:11:15,878 :INFO : Test_04_SearchCustomerByEmail :***************  TC_04_SearchCustomerByEmail Finished!!!!Hurray *********** 
2024-01-15 11:11:17,570 :INFO : Test_05_SearchCustomerByName :************* test_05_SearchCustomerByName **********
2024-01-15 11:11:22,338 :INFO : Test_05_SearchCustomerByName :************* Login successful **********
2024-01-15 11:11:22,338 :INFO : Test_05_SearchCustomerByName :******* Starting Search Customer By Name **********
